<?xml version="1.0" encoding="UTF-8"?>
<!-- Generated by org.testng.reporters.JUnitReportReporter -->
<testsuite skipped="0" hostname="Shri" name="API_E2E_ALLMethods.TestRunner" tests="5" failures="0" timestamp="2024-08-09T10:56:00 IST" time="3.896" errors="0">
  <testcase name="runScenario" time="0.046" classname="API_E2E_ALLMethods.TestRunner"/>
  <system-out/>
  <testcase name="runScenario" time="3.630" classname="API_E2E_ALLMethods.TestRunner"/>
  <system-out/>
  <testcase name="runScenario" time="0.095" classname="API_E2E_ALLMethods.TestRunner"/>
  <system-out/>
  <testcase name="runScenario" time="0.093" classname="API_E2E_ALLMethods.TestRunner"/>
  <system-out/>
  <testcase name="runScenario" time="0.032" classname="API_E2E_ALLMethods.TestRunner"/>
  <system-out/>
</testsuite> <!-- API_E2E_ALLMethods.TestRunner -->
